  DebugCamera.cpp
  Math.cpp
  main.cpp
  C:\Program Files (x86)\Windows Kits\10\Include\10.0.26100.0\um\dinput.h: DIRECTINPUT_VERSION undefined. Defaulting to version 0x0800
  C:\Program Files (x86)\Windows Kits\10\Include\10.0.26100.0\um\dinput.h: DIRECTINPUT_VERSION undefined. Defaulting to version 0x0800
main.obj : error LNK2005: "class Microsoft::WRL::ComPtr<struct IDxcBlob> __cdecl CompileShader(class std::basic_string<wchar_t,struct std::char_traits<wchar_t>,class std::allocator<wchar_t> > const &,wchar_t const *,class Microsoft::WRL::ComPtr<struct IDxcUtils> const &,class Microsoft::WRL::ComPtr<struct IDxcCompiler3> const &,struct IDxcIncludeHandler *)" (?CompileShader@@YA?AV?$ComPtr@UIDxcBlob@@@WRL@Microsoft@@AEBV?$basic_string@_WU?$char_traits@_W@std@@V?$allocator@_W@2@@std@@PEB_WAEBV?$ComPtr@UIDxcUtils@@@23@AEBV?$ComPtr@UIDxcCompiler3@@@23@PEAUIDxcIncludeHandler@@@Z) は既に DebugCamera.obj で定義されています。
main.obj : error LNK2005: "class std::basic_string<char,struct std::char_traits<char>,class std::allocator<char> > __cdecl ConvertString(class std::basic_string<wchar_t,struct std::char_traits<wchar_t>,class std::allocator<wchar_t> > const &)" (?ConvertString@@YA?AV?$basic_string@DU?$char_traits@D@std@@V?$allocator@D@2@@std@@AEBV?$basic_string@_WU?$char_traits@_W@std@@V?$allocator@_W@2@@2@@Z) は既に DebugCamera.obj で定義されています。
main.obj : error LNK2005: "class std::basic_string<wchar_t,struct std::char_traits<wchar_t>,class std::allocator<wchar_t> > __cdecl ConvertString(class std::basic_string<char,struct std::char_traits<char>,class std::allocator<char> > const &)" (?ConvertString@@YA?AV?$basic_string@_WU?$char_traits@_W@std@@V?$allocator@_W@2@@std@@AEBV?$basic_string@DU?$char_traits@D@std@@V?$allocator@D@2@@2@@Z) は既に DebugCamera.obj で定義されています。
main.obj : error LNK2005: "class Microsoft::WRL::ComPtr<struct ID3D12Resource> __cdecl CreateBufferResource(class Microsoft::WRL::ComPtr<struct ID3D12Device> const &,unsigned __int64)" (?CreateBufferResource@@YA?AV?$ComPtr@UID3D12Resource@@@WRL@Microsoft@@AEBV?$ComPtr@UID3D12Device@@@23@_K@Z) は既に DebugCamera.obj で定義されています。
main.obj : error LNK2005: "class Microsoft::WRL::ComPtr<struct ID3D12Resource> __cdecl CreateDepthStencilResource(class Microsoft::WRL::ComPtr<struct ID3D12Device> const &,int,int)" (?CreateDepthStencilResource@@YA?AV?$ComPtr@UID3D12Resource@@@WRL@Microsoft@@AEBV?$ComPtr@UID3D12Device@@@23@HH@Z) は既に DebugCamera.obj で定義されています。
main.obj : error LNK2005: "class Microsoft::WRL::ComPtr<struct ID3D12DescriptorHeap> __cdecl CreateDiscriptorHeap(class Microsoft::WRL::ComPtr<struct ID3D12Device> const &,enum D3D12_DESCRIPTOR_HEAP_TYPE,unsigned int,bool)" (?CreateDiscriptorHeap@@YA?AV?$ComPtr@UID3D12DescriptorHeap@@@WRL@Microsoft@@AEBV?$ComPtr@UID3D12Device@@@23@W4D3D12_DESCRIPTOR_HEAP_TYPE@@I_N@Z) は既に DebugCamera.obj で定義されています。
main.obj : error LNK2005: "class Microsoft::WRL::ComPtr<struct ID3D12Resource> __cdecl CreateTextureResource(class Microsoft::WRL::ComPtr<struct ID3D12Device> const &,struct DirectX::TexMetadata const &)" (?CreateTextureResource@@YA?AV?$ComPtr@UID3D12Resource@@@WRL@Microsoft@@AEBV?$ComPtr@UID3D12Device@@@23@AEBUTexMetadata@DirectX@@@Z) は既に DebugCamera.obj で定義されています。
main.obj : error LNK2005: "struct D3D12_CPU_DESCRIPTOR_HANDLE __cdecl GetCPUDescriptorHandle(struct ID3D12DescriptorHeap *,unsigned int,unsigned int)" (?GetCPUDescriptorHandle@@YA?AUD3D12_CPU_DESCRIPTOR_HANDLE@@PEAUID3D12DescriptorHeap@@II@Z) は既に DebugCamera.obj で定義されています。
main.obj : error LNK2005: "struct D3D12_GPU_DESCRIPTOR_HANDLE __cdecl GetGPUDscriptorHandle(struct ID3D12DescriptorHeap *,unsigned int,unsigned int)" (?GetGPUDscriptorHandle@@YA?AUD3D12_GPU_DESCRIPTOR_HANDLE@@PEAUID3D12DescriptorHeap@@II@Z) は既に DebugCamera.obj で定義されています。
main.obj : error LNK2005: "struct MaterialData __cdecl LoadMaterialTemplateFile(class std::basic_string<char,struct std::char_traits<char>,class std::allocator<char> > const &,class std::basic_string<char,struct std::char_traits<char>,class std::allocator<char> > const &)" (?LoadMaterialTemplateFile@@YA?AUMaterialData@@AEBV?$basic_string@DU?$char_traits@D@std@@V?$allocator@D@2@@std@@0@Z) は既に DebugCamera.obj で定義されています。
main.obj : error LNK2005: "struct ModelData __cdecl LoadObjFile(class std::basic_string<char,struct std::char_traits<char>,class std::allocator<char> > const &,class std::basic_string<char,struct std::char_traits<char>,class std::allocator<char> > const &)" (?LoadObjFile@@YA?AUModelData@@AEBV?$basic_string@DU?$char_traits@D@std@@V?$allocator@D@2@@std@@0@Z) は既に DebugCamera.obj で定義されています。
main.obj : error LNK2005: "class DirectX::ScratchImage __cdecl LoadTexture(class std::basic_string<char,struct std::char_traits<char>,class std::allocator<char> > const &)" (?LoadTexture@@YA?AVScratchImage@DirectX@@AEBV?$basic_string@DU?$char_traits@D@std@@V?$allocator@D@2@@std@@@Z) は既に DebugCamera.obj で定義されています。
main.obj : error LNK2005: "void __cdecl Log(class std::basic_ostream<char,struct std::char_traits<char> > &,class std::basic_string<char,struct std::char_traits<char>,class std::allocator<char> > const &)" (?Log@@YAXAEAV?$basic_ostream@DU?$char_traits@D@std@@@std@@AEBV?$basic_string@DU?$char_traits@D@std@@V?$allocator@D@2@@2@@Z) は既に DebugCamera.obj で定義されています。
main.obj : error LNK2005: "void __cdecl Log(class std::basic_string<char,struct std::char_traits<char>,class std::allocator<char> > const &)" (?Log@@YAXAEBV?$basic_string@DU?$char_traits@D@std@@V?$allocator@D@2@@std@@@Z) は既に DebugCamera.obj で定義されています。
main.obj : error LNK2005: "struct SoundData __cdecl SoundLoadWave(char const *)" (?SoundLoadWave@@YA?AUSoundData@@PEBD@Z) は既に DebugCamera.obj で定義されています。
main.obj : error LNK2005: "void __cdecl SoundPlayWave(struct IXAudio2 *,struct SoundData const &)" (?SoundPlayWave@@YAXPEAUIXAudio2@@AEBUSoundData@@@Z) は既に DebugCamera.obj で定義されています。
main.obj : error LNK2005: "void __cdecl SoundUnload(struct SoundData *)" (?SoundUnload@@YAXPEAUSoundData@@@Z) は既に DebugCamera.obj で定義されています。
main.obj : error LNK2005: "class Microsoft::WRL::ComPtr<struct ID3D12Resource> __cdecl UploadTextureData(class Microsoft::WRL::ComPtr<struct ID3D12Resource> const &,class DirectX::ScratchImage const &,class Microsoft::WRL::ComPtr<struct ID3D12Device> const &,class Microsoft::WRL::ComPtr<struct ID3D12GraphicsCommandList> const &)" (?UploadTextureData@@YA?AV?$ComPtr@UID3D12Resource@@@WRL@Microsoft@@AEBV123@AEBVScratchImage@DirectX@@AEBV?$ComPtr@UID3D12Device@@@23@AEBV?$ComPtr@UID3D12GraphicsCommandList@@@23@@Z) は既に DebugCamera.obj で定義されています。
main.obj : error LNK2005: "__int64 __cdecl WindowProc(struct HWND__ *,unsigned int,unsigned __int64,__int64)" (?WindowProc@@YA_JPEAUHWND__@@I_K_J@Z) は既に DebugCamera.obj で定義されています。
main.obj : error LNK2005: WinMain は既に DebugCamera.obj で定義されています。
C:\Lessons\CG2\CG2\x64\Debug\CG2_Temprate.exe : fatal error LNK1169: 1 つ以上の複数回定義されているシンボルが見つかりました。
